android/app/build/intermediates/manifest_merge_blame_file/debug/manifest-merger-blame-debug-report.txt
1<?xml version="1.0" encoding="utf-8"?>
2<manifest xmlns:android="http://schemas.android.com/apk/res/android"
3    package="com.saloof"
4    android:versionCode="1"
5    android:versionName="1.0" >
6
7    <uses-sdk
8        android:minSdkVersion="21"
9        android:targetSdkVersion="33" />
10
11    <uses-permission android:name="android.permission.SYSTEM_ALERT_WINDOW" />
11-->src/debug/AndroidManifest.xml:5:5-77
11-->src/debug/AndroidManifest.xml:5:22-75
12    <uses-permission android:name="android.permission.INTERNET" />
12-->src/main/AndroidManifest.xml:3:5-67
12-->src/main/AndroidManifest.xml:3:22-64
13    <uses-permission android:name="android.permission.ACCESS_FINE_LOCATION" />
13-->src/main/AndroidManifest.xml:4:5-79
13-->src/main/AndroidManifest.xml:4:22-76
14    <uses-permission android:name="android.permission.READ_MEDIA_IMAGES" />
14-->src/main/AndroidManifest.xml:5:5-75
14-->src/main/AndroidManifest.xml:5:22-73
15    <uses-permission android:name="android.permission.CAMERA" />
15-->src/main/AndroidManifest.xml:6:5-64
15-->src/main/AndroidManifest.xml:6:22-62
16
17    <uses-feature
17-->src/main/AndroidManifest.xml:7:5-85
18        android:name="android.hardware.camera"
18-->src/main/AndroidManifest.xml:7:19-57
19        android:required="false" />
19-->src/main/AndroidManifest.xml:7:58-82
20    <uses-feature
20-->src/main/AndroidManifest.xml:8:5-91
21        android:name="android.hardware.camera.front"
21-->src/main/AndroidManifest.xml:8:19-63
22        android:required="false" />
22-->src/main/AndroidManifest.xml:8:64-88
23
24    <uses-permission android:name="android.permission.ACCESS_WIFI_STATE" />
24-->[com.facebook.flipper:flipper:0.182.0] AndroidManifest.xml:16:5-76
24-->[com.facebook.flipper:flipper:0.182.0] AndroidManifest.xml:16:22-73
25
26    <queries>
26-->[:react-native-image-crop-picker] AndroidManifest.xml:7:5-11:15
27        <intent>
27-->[:react-native-image-crop-picker] AndroidManifest.xml:8:9-10:18
28            <action android:name="android.media.action.IMAGE_CAPTURE" />
28-->[:react-native-image-crop-picker] AndroidManifest.xml:9:13-73
28-->[:react-native-image-crop-picker] AndroidManifest.xml:9:21-70
29        </intent>
30        <!-- Needs to be explicitly declared on Android R+ -->
31        <package android:name="com.google.android.apps.maps" />
31-->[com.google.android.gms:play-services-maps:18.0.2] AndroidManifest.xml:33:9-64
31-->[com.google.android.gms:play-services-maps:18.0.2] AndroidManifest.xml:33:18-61
32    </queries>
33
34    <uses-permission android:name="android.permission.WRITE_EXTERNAL_STORAGE" />
34-->[:react-native-image-crop-picker] AndroidManifest.xml:13:5-81
34-->[:react-native-image-crop-picker] AndroidManifest.xml:13:22-78
35    <uses-permission android:name="android.permission.READ_EXTERNAL_STORAGE" /> <!-- Include required permissions for Google Maps API to run. -->
36    <uses-permission android:name="android.permission.ACCESS_NETWORK_STATE" />
36-->[com.google.android.gms:play-services-maps:18.0.2] AndroidManifest.xml:23:5-79
36-->[com.google.android.gms:play-services-maps:18.0.2] AndroidManifest.xml:23:22-76
37
38    <uses-feature
38-->[com.google.android.gms:play-services-maps:18.0.2] AndroidManifest.xml:26:5-28:35
39        android:glEsVersion="0x00020000"
39-->[com.google.android.gms:play-services-maps:18.0.2] AndroidManifest.xml:27:9-41
40        android:required="true" />
40-->[com.google.android.gms:play-services-maps:18.0.2] AndroidManifest.xml:28:9-32
41
42    <uses-permission android:name="android.permission.WAKE_LOCK" />
42-->[androidx.work:work-runtime:2.7.1] AndroidManifest.xml:25:5-68
42-->[androidx.work:work-runtime:2.7.1] AndroidManifest.xml:25:22-65
43    <uses-permission android:name="android.permission.RECEIVE_BOOT_COMPLETED" />
43-->[androidx.work:work-runtime:2.7.1] AndroidManifest.xml:27:5-81
43-->[androidx.work:work-runtime:2.7.1] AndroidManifest.xml:27:22-78
44    <uses-permission android:name="android.permission.FOREGROUND_SERVICE" />
44-->[androidx.work:work-runtime:2.7.1] AndroidManifest.xml:28:5-77
44-->[androidx.work:work-runtime:2.7.1] AndroidManifest.xml:28:22-74
45
46    <application
46-->src/main/AndroidManifest.xml:12:5-35:19
47        android:name="com.saloof.MainApplication"
47-->src/main/AndroidManifest.xml:13:7-38
48        android:allowBackup="false"
48-->src/main/AndroidManifest.xml:17:7-34
49        android:appComponentFactory="androidx.core.app.CoreComponentFactory"
49-->[androidx.core:core:1.8.0] AndroidManifest.xml:24:18-86
50        android:debuggable="true"
51        android:icon="@mipmap/ic_launcher"
51-->src/main/AndroidManifest.xml:15:7-41
52        android:label="@string/app_name"
52-->src/main/AndroidManifest.xml:14:7-39
53        android:roundIcon="@mipmap/ic_launcher_round"
53-->src/main/AndroidManifest.xml:16:7-52
54        android:theme="@style/AppTheme"
54-->src/main/AndroidManifest.xml:18:7-38
55        android:usesCleartextTraffic="true" >
55-->src/debug/AndroidManifest.xml:8:9-44
56        <activity
56-->src/debug/AndroidManifest.xml:11:9-111
57            android:name="com.facebook.react.devsupport.DevSettingsActivity"
57-->src/debug/AndroidManifest.xml:11:19-83
58            android:exported="false" />
58-->src/debug/AndroidManifest.xml:11:84-108
59        <activity
59-->src/main/AndroidManifest.xml:19:7-30:18
60            android:name="com.saloof.MainActivity"
60-->src/main/AndroidManifest.xml:20:9-37
61            android:configChanges="keyboard|keyboardHidden|orientation|screenLayout|screenSize|smallestScreenSize|uiMode"
61-->src/main/AndroidManifest.xml:22:9-118
62            android:exported="true"
62-->src/main/AndroidManifest.xml:25:9-32
63            android:label="@string/app_name"
63-->src/main/AndroidManifest.xml:21:9-41
64            android:launchMode="singleTask"
64-->src/main/AndroidManifest.xml:23:9-40
65            android:windowSoftInputMode="adjustResize" >
65-->src/main/AndroidManifest.xml:24:9-51
66            <intent-filter>
66-->src/main/AndroidManifest.xml:26:9-29:25
67                <action android:name="android.intent.action.MAIN" />
67-->src/main/AndroidManifest.xml:27:13-65
67-->src/main/AndroidManifest.xml:27:21-62
68
69                <category android:name="android.intent.category.LAUNCHER" />
69-->src/main/AndroidManifest.xml:28:13-73
69-->src/main/AndroidManifest.xml:28:23-70
70            </intent-filter>
71        </activity>
72
73        <meta-data
73-->src/main/AndroidManifest.xml:31:7-33:67
74            android:name="com.google.android.geo.API_KEY"
74-->src/main/AndroidManifest.xml:32:9-54
75            android:value="AIzaSyDTrnapaNJdkLqfuupPcnchRonjXzsRdU4" />
75-->src/main/AndroidManifest.xml:33:9-64
76
77        <provider
77-->[:react-native-image-crop-picker] AndroidManifest.xml:16:9-24:20
78            android:name="com.reactnative.ivpusic.imagepicker.IvpusicImagePickerFileProvider"
78-->[:react-native-image-crop-picker] AndroidManifest.xml:17:13-94
79            android:authorities="com.saloof.provider"
79-->[:react-native-image-crop-picker] AndroidManifest.xml:18:13-60
80            android:exported="false"
80-->[:react-native-image-crop-picker] AndroidManifest.xml:19:13-37
81            android:grantUriPermissions="true" >
81-->[:react-native-image-crop-picker] AndroidManifest.xml:20:13-47
82            <meta-data
82-->[:react-native-image-crop-picker] AndroidManifest.xml:21:13-23:78
83                android:name="android.support.FILE_PROVIDER_PATHS"
83-->[:react-native-image-crop-picker] AndroidManifest.xml:22:17-67
84                android:resource="@xml/ivpusic_imagepicker_provider_paths" />
84-->[:react-native-image-crop-picker] AndroidManifest.xml:23:17-75
85        </provider>
86
87        <activity
87-->[:react-native-image-crop-picker] AndroidManifest.xml:26:9-28:72
88            android:name="com.yalantis.ucrop.UCropActivity"
88-->[:react-native-image-crop-picker] AndroidManifest.xml:27:13-60
89            android:theme="@style/Theme.AppCompat.Light.NoActionBar" />
89-->[:react-native-image-crop-picker] AndroidManifest.xml:28:13-69
90
91        <meta-data
91-->[com.github.bumptech.glide:okhttp3-integration:4.12.0] AndroidManifest.xml:11:9-13:43
92            android:name="com.bumptech.glide.integration.okhttp3.OkHttpGlideModule"
92-->[com.github.bumptech.glide:okhttp3-integration:4.12.0] AndroidManifest.xml:12:13-84
93            android:value="GlideModule" /> <!-- Needs to be explicitly declared on P+ -->
93-->[com.github.bumptech.glide:okhttp3-integration:4.12.0] AndroidManifest.xml:13:13-40
94        <uses-library
94-->[com.google.android.gms:play-services-maps:18.0.2] AndroidManifest.xml:39:9-41:40
95            android:name="org.apache.http.legacy"
95-->[com.google.android.gms:play-services-maps:18.0.2] AndroidManifest.xml:40:13-50
96            android:required="false" />
96-->[com.google.android.gms:play-services-maps:18.0.2] AndroidManifest.xml:41:13-37
97
98        <activity
98-->[com.google.android.gms:play-services-base:18.1.0] AndroidManifest.xml:20:9-22:45
99            android:name="com.google.android.gms.common.api.GoogleApiActivity"
99-->[com.google.android.gms:play-services-base:18.1.0] AndroidManifest.xml:20:19-85
100            android:exported="false"
100-->[com.google.android.gms:play-services-base:18.1.0] AndroidManifest.xml:22:19-43
101            android:theme="@android:style/Theme.Translucent.NoTitleBar" />
101-->[com.google.android.gms:play-services-base:18.1.0] AndroidManifest.xml:21:19-78
102
103        <meta-data
103-->[com.google.android.gms:play-services-basement:18.1.0] AndroidManifest.xml:21:9-23:69
104            android:name="com.google.android.gms.version"
104-->[com.google.android.gms:play-services-basement:18.1.0] AndroidManifest.xml:22:13-58
105            android:value="@integer/google_play_services_version" />
105-->[com.google.android.gms:play-services-basement:18.1.0] AndroidManifest.xml:23:13-66
106        <meta-data
106-->[com.facebook.soloader:soloader:0.10.5] AndroidManifest.xml:12:9-14:37
107            android:name="com.facebook.soloader.enabled"
107-->[com.facebook.soloader:soloader:0.10.5] AndroidManifest.xml:13:13-57
108            android:value="false" />
108-->[com.facebook.soloader:soloader:0.10.5] AndroidManifest.xml:14:13-34
109
110        <provider
110-->[androidx.work:work-runtime:2.7.1] AndroidManifest.xml:31:9-39:20
111            android:name="androidx.startup.InitializationProvider"
111-->[androidx.work:work-runtime:2.7.1] AndroidManifest.xml:32:13-67
112            android:authorities="com.saloof.androidx-startup"
112-->[androidx.work:work-runtime:2.7.1] AndroidManifest.xml:33:13-68
113            android:exported="false" >
113-->[androidx.work:work-runtime:2.7.1] AndroidManifest.xml:34:13-37
114            <meta-data
114-->[androidx.work:work-runtime:2.7.1] AndroidManifest.xml:36:13-38:52
115                android:name="androidx.work.WorkManagerInitializer"
115-->[androidx.work:work-runtime:2.7.1] AndroidManifest.xml:37:17-68
116                android:value="androidx.startup" />
116-->[androidx.work:work-runtime:2.7.1] AndroidManifest.xml:38:17-49
117            <meta-data
117-->[androidx.emoji2:emoji2:1.2.0] AndroidManifest.xml:29:13-31:52
118                android:name="androidx.emoji2.text.EmojiCompatInitializer"
118-->[androidx.emoji2:emoji2:1.2.0] AndroidManifest.xml:30:17-75
119                android:value="androidx.startup" />
119-->[androidx.emoji2:emoji2:1.2.0] AndroidManifest.xml:31:17-49
120            <meta-data
120-->[androidx.lifecycle:lifecycle-process:2.4.1] AndroidManifest.xml:31:13-33:52
121                android:name="androidx.lifecycle.ProcessLifecycleInitializer"
121-->[androidx.lifecycle:lifecycle-process:2.4.1] AndroidManifest.xml:32:17-78
122                android:value="androidx.startup" />
122-->[androidx.lifecycle:lifecycle-process:2.4.1] AndroidManifest.xml:33:17-49
123        </provider>
124
125        <service
125-->[androidx.work:work-runtime:2.7.1] AndroidManifest.xml:41:9-46:35
126            android:name="androidx.work.impl.background.systemalarm.SystemAlarmService"
126-->[androidx.work:work-runtime:2.7.1] AndroidManifest.xml:42:13-88
127            android:directBootAware="false"
127-->[androidx.work:work-runtime:2.7.1] AndroidManifest.xml:43:13-44
128            android:enabled="@bool/enable_system_alarm_service_default"
128-->[androidx.work:work-runtime:2.7.1] AndroidManifest.xml:44:13-72
129            android:exported="false" />
129-->[androidx.work:work-runtime:2.7.1] AndroidManifest.xml:45:13-37
130        <service
130-->[androidx.work:work-runtime:2.7.1] AndroidManifest.xml:47:9-53:35
131            android:name="androidx.work.impl.background.systemjob.SystemJobService"
131-->[androidx.work:work-runtime:2.7.1] AndroidManifest.xml:48:13-84
132            android:directBootAware="false"
132-->[androidx.work:work-runtime:2.7.1] AndroidManifest.xml:49:13-44
133            android:enabled="@bool/enable_system_job_service_default"
133-->[androidx.work:work-runtime:2.7.1] AndroidManifest.xml:50:13-70
134            android:exported="true"
134-->[androidx.work:work-runtime:2.7.1] AndroidManifest.xml:51:13-36
135            android:permission="android.permission.BIND_JOB_SERVICE" />
135-->[androidx.work:work-runtime:2.7.1] AndroidManifest.xml:52:13-69
136        <service
136-->[androidx.work:work-runtime:2.7.1] AndroidManifest.xml:54:9-59:35
137            android:name="androidx.work.impl.foreground.SystemForegroundService"
137-->[androidx.work:work-runtime:2.7.1] AndroidManifest.xml:55:13-81
138            android:directBootAware="false"
138-->[androidx.work:work-runtime:2.7.1] AndroidManifest.xml:56:13-44
139            android:enabled="@bool/enable_system_foreground_service_default"
139-->[androidx.work:work-runtime:2.7.1] AndroidManifest.xml:57:13-77
140            android:exported="false" />
140-->[androidx.work:work-runtime:2.7.1] AndroidManifest.xml:58:13-37
141
142        <receiver
142-->[androidx.work:work-runtime:2.7.1] AndroidManifest.xml:61:9-66:35
143            android:name="androidx.work.impl.utils.ForceStopRunnable$BroadcastReceiver"
143-->[androidx.work:work-runtime:2.7.1] AndroidManifest.xml:62:13-88
144            android:directBootAware="false"
144-->[androidx.work:work-runtime:2.7.1] AndroidManifest.xml:63:13-44
145            android:enabled="true"
145-->[androidx.work:work-runtime:2.7.1] AndroidManifest.xml:64:13-35
146            android:exported="false" />
146-->[androidx.work:work-runtime:2.7.1] AndroidManifest.xml:65:13-37
147        <receiver
147-->[androidx.work:work-runtime:2.7.1] AndroidManifest.xml:67:9-77:20
148            android:name="androidx.work.impl.background.systemalarm.ConstraintProxy$BatteryChargingProxy"
148-->[androidx.work:work-runtime:2.7.1] AndroidManifest.xml:68:13-106
149            android:directBootAware="false"
149-->[androidx.work:work-runtime:2.7.1] AndroidManifest.xml:69:13-44
150            android:enabled="false"
150-->[androidx.work:work-runtime:2.7.1] AndroidManifest.xml:70:13-36
151            android:exported="false" >
151-->[androidx.work:work-runtime:2.7.1] AndroidManifest.xml:71:13-37
152            <intent-filter>
152-->[androidx.work:work-runtime:2.7.1] AndroidManifest.xml:73:13-76:29
153                <action android:name="android.intent.action.ACTION_POWER_CONNECTED" />
153-->[androidx.work:work-runtime:2.7.1] AndroidManifest.xml:74:17-87
153-->[androidx.work:work-runtime:2.7.1] AndroidManifest.xml:74:25-84
154                <action android:name="android.intent.action.ACTION_POWER_DISCONNECTED" />
154-->[androidx.work:work-runtime:2.7.1] AndroidManifest.xml:75:17-90
154-->[androidx.work:work-runtime:2.7.1] AndroidManifest.xml:75:25-87
155            </intent-filter>
156        </receiver>
157        <receiver
157-->[androidx.work:work-runtime:2.7.1] AndroidManifest.xml:78:9-88:20
158            android:name="androidx.work.impl.background.systemalarm.ConstraintProxy$BatteryNotLowProxy"
158-->[androidx.work:work-runtime:2.7.1] AndroidManifest.xml:79:13-104
159            android:directBootAware="false"
159-->[androidx.work:work-runtime:2.7.1] AndroidManifest.xml:80:13-44
160            android:enabled="false"
160-->[androidx.work:work-runtime:2.7.1] AndroidManifest.xml:81:13-36
161            android:exported="false" >
161-->[androidx.work:work-runtime:2.7.1] AndroidManifest.xml:82:13-37
162            <intent-filter>
162-->[androidx.work:work-runtime:2.7.1] AndroidManifest.xml:84:13-87:29
163                <action android:name="android.intent.action.BATTERY_OKAY" />
163-->[androidx.work:work-runtime:2.7.1] AndroidManifest.xml:85:17-77
163-->[androidx.work:work-runtime:2.7.1] AndroidManifest.xml:85:25-74
164                <action android:name="android.intent.action.BATTERY_LOW" />
164-->[androidx.work:work-runtime:2.7.1] AndroidManifest.xml:86:17-76
164-->[androidx.work:work-runtime:2.7.1] AndroidManifest.xml:86:25-73
165            </intent-filter>
166        </receiver>
167        <receiver
167-->[androidx.work:work-runtime:2.7.1] AndroidManifest.xml:89:9-99:20
168            android:name="androidx.work.impl.background.systemalarm.ConstraintProxy$StorageNotLowProxy"
168-->[androidx.work:work-runtime:2.7.1] AndroidManifest.xml:90:13-104
169            android:directBootAware="false"
169-->[androidx.work:work-runtime:2.7.1] AndroidManifest.xml:91:13-44
170            android:enabled="false"
170-->[androidx.work:work-runtime:2.7.1] AndroidManifest.xml:92:13-36
171            android:exported="false" >
171-->[androidx.work:work-runtime:2.7.1] AndroidManifest.xml:93:13-37
172            <intent-filter>
172-->[androidx.work:work-runtime:2.7.1] AndroidManifest.xml:95:13-98:29
173                <action android:name="android.intent.action.DEVICE_STORAGE_LOW" />
173-->[androidx.work:work-runtime:2.7.1] AndroidManifest.xml:96:17-83
173-->[androidx.work:work-runtime:2.7.1] AndroidManifest.xml:96:25-80
174                <action android:name="android.intent.action.DEVICE_STORAGE_OK" />
174-->[androidx.work:work-runtime:2.7.1] AndroidManifest.xml:97:17-82
174-->[androidx.work:work-runtime:2.7.1] AndroidManifest.xml:97:25-79
175            </intent-filter>
176        </receiver>
177        <receiver
177-->[androidx.work:work-runtime:2.7.1] AndroidManifest.xml:100:9-109:20
178            android:name="androidx.work.impl.background.systemalarm.ConstraintProxy$NetworkStateProxy"
178-->[androidx.work:work-runtime:2.7.1] AndroidManifest.xml:101:13-103
179            android:directBootAware="false"
179-->[androidx.work:work-runtime:2.7.1] AndroidManifest.xml:102:13-44
180            android:enabled="false"
180-->[androidx.work:work-runtime:2.7.1] AndroidManifest.xml:103:13-36
181            android:exported="false" >
181-->[androidx.work:work-runtime:2.7.1] AndroidManifest.xml:104:13-37
182            <intent-filter>
182-->[androidx.work:work-runtime:2.7.1] AndroidManifest.xml:106:13-108:29
183                <action android:name="android.net.conn.CONNECTIVITY_CHANGE" />
183-->[androidx.work:work-runtime:2.7.1] AndroidManifest.xml:107:17-79
183-->[androidx.work:work-runtime:2.7.1] AndroidManifest.xml:107:25-76
184            </intent-filter>
185        </receiver>
186        <receiver
186-->[androidx.work:work-runtime:2.7.1] AndroidManifest.xml:110:9-121:20
187            android:name="androidx.work.impl.background.systemalarm.RescheduleReceiver"
187-->[androidx.work:work-runtime:2.7.1] AndroidManifest.xml:111:13-88
188            android:directBootAware="false"
188-->[androidx.work:work-runtime:2.7.1] AndroidManifest.xml:112:13-44
189            android:enabled="false"
189-->[androidx.work:work-runtime:2.7.1] AndroidManifest.xml:113:13-36
190            android:exported="false" >
190-->[androidx.work:work-runtime:2.7.1] AndroidManifest.xml:114:13-37
191            <intent-filter>
191-->[androidx.work:work-runtime:2.7.1] AndroidManifest.xml:116:13-120:29
192                <action android:name="android.intent.action.BOOT_COMPLETED" />
192-->[androidx.work:work-runtime:2.7.1] AndroidManifest.xml:117:17-79
192-->[androidx.work:work-runtime:2.7.1] AndroidManifest.xml:117:25-76
193                <action android:name="android.intent.action.TIME_SET" />
193-->[androidx.work:work-runtime:2.7.1] AndroidManifest.xml:118:17-73
193-->[androidx.work:work-runtime:2.7.1] AndroidManifest.xml:118:25-70
194                <action android:name="android.intent.action.TIMEZONE_CHANGED" />
194-->[androidx.work:work-runtime:2.7.1] AndroidManifest.xml:119:17-81
194-->[androidx.work:work-runtime:2.7.1] AndroidManifest.xml:119:25-78
195            </intent-filter>
196        </receiver>
197        <receiver
197-->[androidx.work:work-runtime:2.7.1] AndroidManifest.xml:122:9-131:20
198            android:name="androidx.work.impl.background.systemalarm.ConstraintProxyUpdateReceiver"
198-->[androidx.work:work-runtime:2.7.1] AndroidManifest.xml:123:13-99
199            android:directBootAware="false"
199-->[androidx.work:work-runtime:2.7.1] AndroidManifest.xml:124:13-44
200            android:enabled="@bool/enable_system_alarm_service_default"
200-->[androidx.work:work-runtime:2.7.1] AndroidManifest.xml:125:13-72
201            android:exported="false" >
201-->[androidx.work:work-runtime:2.7.1] AndroidManifest.xml:126:13-37
202            <intent-filter>
202-->[androidx.work:work-runtime:2.7.1] AndroidManifest.xml:128:13-130:29
203                <action android:name="androidx.work.impl.background.systemalarm.UpdateProxies" />
203-->[androidx.work:work-runtime:2.7.1] AndroidManifest.xml:129:17-98
203-->[androidx.work:work-runtime:2.7.1] AndroidManifest.xml:129:25-95
204            </intent-filter>
205        </receiver>
206        <receiver
206-->[androidx.work:work-runtime:2.7.1] AndroidManifest.xml:132:9-142:20
207            android:name="androidx.work.impl.diagnostics.DiagnosticsReceiver"
207-->[androidx.work:work-runtime:2.7.1] AndroidManifest.xml:133:13-78
208            android:directBootAware="false"
208-->[androidx.work:work-runtime:2.7.1] AndroidManifest.xml:134:13-44
209            android:enabled="true"
209-->[androidx.work:work-runtime:2.7.1] AndroidManifest.xml:135:13-35
210            android:exported="true"
210-->[androidx.work:work-runtime:2.7.1] AndroidManifest.xml:136:13-36
211            android:permission="android.permission.DUMP" >
211-->[androidx.work:work-runtime:2.7.1] AndroidManifest.xml:137:13-57
212            <intent-filter>
212-->[androidx.work:work-runtime:2.7.1] AndroidManifest.xml:139:13-141:29
213                <action android:name="androidx.work.diagnostics.REQUEST_DIAGNOSTICS" />
213-->[androidx.work:work-runtime:2.7.1] AndroidManifest.xml:140:17-88
213-->[androidx.work:work-runtime:2.7.1] AndroidManifest.xml:140:25-85
214            </intent-filter>
215        </receiver>
216
217        <service
217-->[androidx.room:room-runtime:2.2.5] AndroidManifest.xml:25:9-28:40
218            android:name="androidx.room.MultiInstanceInvalidationService"
218-->[androidx.room:room-runtime:2.2.5] AndroidManifest.xml:26:13-74
219            android:directBootAware="true"
219-->[androidx.room:room-runtime:2.2.5] AndroidManifest.xml:27:13-43
220            android:exported="false" />
220-->[androidx.room:room-runtime:2.2.5] AndroidManifest.xml:28:13-37
221    </application>
222
223</manifest>